Arguments: 
  C:\Program Files\nodejs\node.exe C:\Users\hadda\AppData\Roaming\npm\node_modules\yarn\bin\yarn.js init

PATH: 
  C:\Program Files\Common Files\Oracle\Java\javapath;C:\Python39\Scripts\;C:\Python39\;C:\WINDOWS\system32;C:\WINDOWS;C:\WINDOWS\System32\Wbem;C:\WINDOWS\System32\WindowsPowerShell\v1.0\;C:\WINDOWS\System32\OpenSSH\;C:\Program Files\dotnet\;C:\Program Files\Git\cmd;C:\Program Files\Microsoft SQL Server\130\Tools\Binn\;C:\Program Files (x86)\Microsoft SQL Server\150\DTS\Binn\;C:\Program Files\Azure Data Studio\bin;C:\ProgramData\chocolatey\bin;C:\Program Files (x86)\ZeroTier\One\;C:\Program Files\Microsoft SQL Server\Client SDK\ODBC\170\Tools\Binn\;C:\Program Files\nodejs\;C:\Ruby30-x64\bin;C:\Users\hadda\scoop\shims;C:\Users\hadda\AppData\Local\Microsoft\WindowsApps;C:\Users\hadda\.dotnet\tools;C:\Program Files\Azure Data Studio\bin;C:\flutter\bin;C:\tools\dart-sdk\bin;C:\Users\hadda\AppData\Roaming\Pub\Cache\bin;C:\Users\hadda\AppData\Local\Programs\Microsoft VS Code\bin;C:\Users\hadda\AppData\Roaming\npm;C:\Users\hadda\.dotnet\tools;C:\Users\hadda\AppData\Local\Microsoft\WindowsApps;‪C:\Users\hadda\Downloads\vault_1.7.3_windows_amd64;C:\Program Files (x86)\BrowserStackLocal\

Yarn version: 
  1.22.10

Node version: 
  14.15.5

Platform: 
  win32 x64

Trace: 
  Error: canceled
      at Interface.<anonymous> (C:\Users\hadda\AppData\Roaming\npm\node_modules\yarn\lib\cli.js:136216:13)
      at Interface.emit (events.js:315:20)
      at Interface._ttyWrite (readline.js:875:16)
      at ReadStream.onkeypress (readline.js:213:10)
      at ReadStream.emit (events.js:315:20)
      at emitKeys (internal/readline/utils.js:345:14)
      at emitKeys.next (<anonymous>)
      at ReadStream.onData (readline.js:1144:36)
      at ReadStream.emit (events.js:315:20)
      at addChunk (internal/streams/readable.js:309:12)

npm manifest: 
  No manifest

yarn manifest: 
  No manifest

Lockfile: 
  No lockfile
